[debug] [2022-09-03T07:22:54.753Z] ----------------------------------------------------------------------
[debug] [2022-09-03T07:22:54.757Z] Command:       C:\Program Files\nodejs\node.exe C:\Users\hp\AppData\Roaming\npm\node_modules\firebase-tools\lib\bin\firebase.js hosting:disable
[debug] [2022-09-03T07:22:54.758Z] CLI Version:   11.8.0
[debug] [2022-09-03T07:22:54.758Z] Platform:      win32
[debug] [2022-09-03T07:22:54.758Z] Node Version:  v16.14.0
[debug] [2022-09-03T07:22:54.760Z] Time:          Sat Sep 03 2022 12:52:54 GMT+0530 (India Standard Time)
[debug] [2022-09-03T07:22:54.761Z] ----------------------------------------------------------------------
[debug] 
[debug] [2022-09-03T07:22:54.779Z] > refreshing access token with scopes: []
[debug] [2022-09-03T07:22:54.783Z] >>> [apiv2][query] POST https://www.googleapis.com/oauth2/v3/token [none]
[debug] [2022-09-03T07:22:54.783Z] >>> [apiv2][body] POST https://www.googleapis.com/oauth2/v3/token [omitted]
[debug] [2022-09-03T07:22:57.171Z] <<< [apiv2][status] POST https://www.googleapis.com/oauth2/v3/token 200
[debug] [2022-09-03T07:22:57.172Z] <<< [apiv2][body] POST https://www.googleapis.com/oauth2/v3/token [omitted]
[debug] [2022-09-03T07:22:57.198Z] >>> [apiv2][query] GET https://firebase.googleapis.com/v1beta1/projects/undefined [none]
[debug] [2022-09-03T07:22:57.725Z] <<< [apiv2][status] GET https://firebase.googleapis.com/v1beta1/projects/undefined 403
[debug] [2022-09-03T07:22:57.725Z] <<< [apiv2][body] GET https://firebase.googleapis.com/v1beta1/projects/undefined {"error":{"code":403,"message":"The caller does not have permission","status":"PERMISSION_DENIED"}}
[debug] [2022-09-03T07:22:57.727Z] HTTP Error: 403, The caller does not have permission
[debug] [2022-09-03T07:22:57.966Z] FirebaseError: HTTP Error: 403, The caller does not have permission
    at responseToError (C:\Users\hp\AppData\Roaming\npm\node_modules\firebase-tools\lib\responseToError.js:49:12)
    at RetryOperation._fn (C:\Users\hp\AppData\Roaming\npm\node_modules\firebase-tools\lib\apiv2.js:288:77)
    at processTicksAndRejections (node:internal/process/task_queues:96:5)
[error] 
[error] Error: Failed to get Firebase project undefined. Please make sure the project exists and your account has permission to access it.
